<?xml version="1.0" encoding="UTF-8" ?>
<testsuite errors="0" failures="0" hostname="Mohan" name="customer.CustomerTest" tests="2" time="0.219" timestamp="2014-12-16T04:23:44">
  <properties>
    <property name="java.vendor" value="Oracle Corporation" />
    <property name="env.USERDOMAIN_ROAMINGPROFILE" value="MOHAN" />
    <property name="env.DEFLOGDIR" value="C:\ProgramData\McAfee\DesktopProtection" />
    <property name="sun.java.launcher" value="SUN_STANDARD" />
    <property name="eclipse.pdebuild.templates" value="/D:/eclipse/plugins/org.eclipse.pde.build_3.8.100.v20130514-1028/templates/" />
    <property name="sun.management.compiler" value="HotSpot 64-Bit Tiered Compilers" />
    <property name="env.PROMPT" value="$P$G" />
    <property name="os.name" value="Windows 8" />
    <property name="env.FP_NO_HOST_CHECK" value="NO" />
    <property name="sun.boot.class.path" value="C:\Program Files\Java\jre7\lib\resources.jar;C:\Program Files\Java\jre7\lib\rt.jar;C:\Program Files\Java\jre7\lib\sunrsasign.jar;C:\Program Files\Java\jre7\lib\jsse.jar;C:\Program Files\Java\jre7\lib\jce.jar;C:\Program Files\Java\jre7\lib\charsets.jar;C:\Program Files\Java\jre7\lib\jfr.jar;C:\Program Files\Java\jre7\classes" />
    <property name="env.COMPUTERNAME" value="MOHAN" />
    <property name="env.CommonProgramW6432" value="C:\Program Files\Common Files" />
    <property name="env.ALLUSERSPROFILE" value="C:\ProgramData" />
    <property name="sun.desktop" value="windows" />
    <property name="java.vm.specification.vendor" value="Oracle Corporation" />
    <property name="ant.home" value="D:\eclipse\plugins\org.apache.ant_1.8.4.v201303080030" />
    <property name="java.runtime.version" value="1.7.0_51-b13" />
    <property name="ant.file.type.customer" value="file" />
    <property name="env.HOMEPATH" value="\Users\mohan" />
    <property name="user.name" value="mohan" />
    <property name="user.language" value="en" />
    <property name="test.report.dir" value="C:\Users\mohan\workspace\New folder\HW 6\test\report" />
    <property name="sun.boot.library.path" value="C:\Program Files\Java\jre7\bin" />
    <property name="ant.project.default-target" value="run" />
    <property name="ant.project.name" value="customer" />
    <property name="java.version" value="1.7.0_51" />
    <property name="env.PROCESSOR_IDENTIFIER" value="Intel64 Family 6 Model 58 Stepping 9, GenuineIntel" />
    <property name="classes" value="C:\Users\mohan\workspace\New folder\HW 6\bin" />
    <property name="user.timezone" value="" />
    <property name="env.asl.log" value="Destination=file" />
    <property name="env.TEMP" value="C:\Users\mohan\AppData\Local\Temp" />
    <property name="sun.arch.data.model" value="64" />
    <property name="java.endorsed.dirs" value="C:\Program Files\Java\jre7\lib\endorsed" />
    <property name="env.VSEDEFLOGDIR" value="C:\ProgramData\McAfee\DesktopProtection" />
    <property name="sun.cpu.isalist" value="amd64" />
    <property name="env.HOMEDRIVE" value="C:" />
    <property name="sun.jnu.encoding" value="Cp1252" />
    <property name="file.encoding.pkg" value="sun.io" />
    <property name="file.separator" value="\" />
    <property name="java.specification.name" value="Java Platform API Specification" />
    <property name="java.class.version" value="51.0" />
    <property name="user.country" value="US" />
    <property name="java.home" value="C:\Program Files\Java\jre7" />
    <property name="env.PSModulePath" value="C:\WINDOWS\system32\WindowsPowerShell\v1.0\Modules\" />
    <property name="env.APPDATA" value="C:\Users\mohan\AppData\Roaming" />
    <property name="env.PUBLIC" value="C:\Users\Public" />
    <property name="java.vm.info" value="mixed mode" />
    <property name="env.ComSpec" value="C:\WINDOWS\system32\cmd.exe" />
    <property name="env.OS" value="Windows_NT" />
    <property name="env.CommonProgramFiles" value="C:\Program Files\Common Files" />
    <property name="ant.file" value="C:\Users\mohan\workspace\New folder\HW 6\build.xml" />
    <property name="os.version" value="6.2" />
    <property name="env.ProgramW6432" value="C:\Program Files" />
    <property name="env.configsetroot" value="C:\WINDOWS\ConfigSetRoot" />
    <property name="path.separator" value=";" />
    <property name="java.vm.version" value="24.51-b03" />
    <property name="user.variant" value="" />
    <property name="env.USERPROFILE" value="C:\Users\mohan" />
    <property name="ant.library.dir" value="D:\eclipse\plugins\org.apache.ant_1.8.4.v201303080030\lib" />
    <property name="ant.file.customer" value="C:\Users\mohan\workspace\New folder\HW 6\build.xml" />
    <property name="env.JAVA_HOME" value="C:\Program Files\Java\jdk1.7.0_51" />
    <property name="java.awt.printerjob" value="sun.awt.windows.WPrinterJob" />
    <property name="env.TMP" value="C:\Users\mohan\AppData\Local\Temp" />
    <property name="sun.io.unicode.encoding" value="UnicodeLittle" />
    <property name="awt.toolkit" value="sun.awt.windows.WToolkit" />
    <property name="user.script" value="" />
    <property name="test.dest.dir" value="C:\Users\mohan\workspace\New folder\HW 6\test\bin" />
    <property name="eclipse.pdebuild.scripts" value="/D:/eclipse/plugins/org.eclipse.pde.build_3.8.100.v20130514-1028/scripts/" />
    <property name="user.home" value="C:\Users\mohan" />
    <property name="env.ProgramData" value="C:\ProgramData" />
    <property name="env.SESSIONNAME" value="Console" />
    <property name="env.ProgramFiles(x86)" value="C:\Program Files (x86)" />
    <property name="java.specification.vendor" value="Oracle Corporation" />
    <property name="test.dir" value="C:\Users\mohan\workspace\New folder\HW 6\test" />
    <property name="java.library.path" value="C:\Program Files\Java\jre7\bin;C:\WINDOWS\Sun\Java\bin;C:\WINDOWS\system32;C:\WINDOWS;C:\Program Files (x86)\Intel\iCLS Client\;C:\Program Files\Intel\iCLS Client\;C:\WINDOWS\system32;C:\WINDOWS;C:\WINDOWS\System32\Wbem;C:\WINDOWS\System32\WindowsPowerShell\v1.0\;C:\Program Files (x86)\Intel\OpenCL SDK\2.0\bin\x86;C:\Program Files (x86)\Intel\OpenCL SDK\2.0\bin\x64;C:\Program Files\Intel\Intel(R) Management Engine Components\DAL;C:\Program Files\Intel\Intel(R) Management Engine Components\IPT;C:\Program Files (x86)\Intel\Intel(R) Management Engine Components\DAL;C:\Program Files (x86)\Intel\Intel(R) Management Engine Components\IPT;C:\Program Files\Intel\WiFi\bin\;C:\Program Files\Common Files\Intel\WirelessCommon\;C:\Program Files (x86)\Java\jdk1.6.0_24\bin;C:\Program Files (x86)\Java\jdk1.6.0_24\lib;C:\Program Files\MySQL\MySQL Server 5.5\bin;C:\Program Files (x86)\Intel\OpenCL SDK\2.0\bin\x86;C:\Program Files (x86)\Intel\OpenCL SDK\2.0\bin\x64;C:\PROGRA~2\COMMON~1\Odbc\FILEMA~1;c:\Program Files (x86)\Microsoft SQL Server\100\Tools\Binn\;c:\Program Files\Microsoft SQL Server\100\Tools\Binn\;c:\Program Files\Microsoft SQL Server\100\DTS\Binn\;C:\Program Files (x86)\MiKTeX 2.9\miktex\bin\;C:\apache-ant-1.9.4\bin;C:\Program Files\Java\jdk1.7.0_51\bin;C:\Program Files\Java\jdk1.7.0_51\lib;C:\Program Files (x86)\SSH Communications Security\SSH Secure Shell;C:\Program Files\Java\jdk1.7.0_51\bin;C:\Program Files\Java\jdk1.7.0_51\lib;;." />
    <property name="env.NUMBER_OF_PROCESSORS" value="4" />
    <property name="java.vendor.url" value="http://java.oracle.com/" />
    <property name="java.vm.vendor" value="Oracle Corporation" />
    <property name="java.runtime.name" value="Java(TM) SE Runtime Environment" />
    <property name="ant.version" value="Apache Ant(TM) version 1.8.4 compiled on May 22 2012" />
    <property name="sun.java.command" value="org.apache.tools.ant.taskdefs.optional.junit.JUnitTestRunner customer.CustomerTest filtertrace=true haltOnError=false haltOnFailure=true formatter=org.apache.tools.ant.taskdefs.optional.junit.SummaryJUnitResultFormatter showoutput=true outputtoformatters=true logfailedtests=true logtestlistenerevents=false formatter=org.apache.tools.ant.taskdefs.optional.junit.XMLJUnitResultFormatter,C:\Users\mohan\workspace\New folder\HW 6\test\report\TEST-customer.CustomerTest.xml crashfile=C:\Users\mohan\workspace\New folder\HW 6\junitvmwatcher2933491357621327236.properties propsfile=C:\Users\mohan\workspace\New folder\HW 6\junit8292506929087834626.properties" />
    <property name="java.class.path" value="C:\Users\mohan\workspace\New folder\HW 6\test\bin;C:\Users\mohan\workspace\New folder\HW 6\bin;C:\Users\mohan\workspace\New folder\HW 6\lib\junit-4.12-beta-3.jar;C:\Users\mohan\workspace\New folder\HW 6\lib\hamcrest-core-1.3.jar;D:\eclipse\plugins\org.apache.ant_1.8.4.v201303080030\lib\ant-launcher.jar;D:\eclipse\plugins\org.apache.ant_1.8.4.v201303080030\lib\ant.jar;D:\eclipse\plugins\org.apache.ant_1.8.4.v201303080030\lib\ant-junit.jar;D:\eclipse\plugins\org.apache.ant_1.8.4.v201303080030\lib\ant-junit4.jar" />
    <property name="java.vm.specification.name" value="Java Virtual Machine Specification" />
    <property name="env.LOGONSERVER" value="\\MicrosoftAccount" />
    <property name="env.windir" value="C:\WINDOWS" />
    <property name="java.vm.specification.version" value="1.7" />
    <property name="env.PROCESSOR_ARCHITECTURE" value="AMD64" />
    <property name="sun.os.patch.level" value="" />
    <property name="sun.cpu.endian" value="little" />
    <property name="env.HOME" value="C:\Users\mohan" />
    <property name="env.ProgramFiles" value="C:\Program Files" />
    <property name="env.ANT_HOME" value="D:\eclipse\plugins\org.apache.ant_1.8.4.v201303080030" />
    <property name="env.PROCESSOR_REVISION" value="3a09" />
    <property name="eclipse.pdebuild.home" value="/D:/eclipse/plugins/org.eclipse.pde.build_3.8.100.v20130514-1028/./" />
    <property name="java.io.tmpdir" value="C:\Users\mohan\AppData\Local\Temp\" />
    <property name="env.CommonProgramFiles(x86)" value="C:\Program Files (x86)\Common Files" />
    <property name="java.vendor.url.bug" value="http://bugreport.sun.com/bugreport/" />
    <property name="env.SystemRoot" value="C:\WINDOWS" />
    <property name="java.awt.graphicsenv" value="sun.awt.Win32GraphicsEnvironment" />
    <property name="os.arch" value="amd64" />
    <property name="java.ext.dirs" value="C:\Program Files\Java\jre7\lib\ext;C:\WINDOWS\Sun\Java\lib\ext" />
    <property name="env.LOCALAPPDATA" value="C:\Users\mohan\AppData\Local" />
    <property name="user.dir" value="C:\Users\mohan\workspace\New folder\HW 6" />
    <property name="line.separator" value="&#xd;&#xa;" />
    <property name="java.vm.name" value="Java HotSpot(TM) 64-Bit Server VM" />
    <property name="env.PATHEXT" value=".COM;.EXE;.BAT;.CMD;.VBS;.VBE;.JS;.JSE;.WSF;.WSH;.MSC" />
    <property name="env.Path" value="C:\Program Files (x86)\Intel\iCLS Client\;C:\Program Files\Intel\iCLS Client\;C:\WINDOWS\system32;C:\WINDOWS;C:\WINDOWS\System32\Wbem;C:\WINDOWS\System32\WindowsPowerShell\v1.0\;C:\Program Files (x86)\Intel\OpenCL SDK\2.0\bin\x86;C:\Program Files (x86)\Intel\OpenCL SDK\2.0\bin\x64;C:\Program Files\Intel\Intel(R) Management Engine Components\DAL;C:\Program Files\Intel\Intel(R) Management Engine Components\IPT;C:\Program Files (x86)\Intel\Intel(R) Management Engine Components\DAL;C:\Program Files (x86)\Intel\Intel(R) Management Engine Components\IPT;C:\Program Files\Intel\WiFi\bin\;C:\Program Files\Common Files\Intel\WirelessCommon\;C:\Program Files (x86)\Java\jdk1.6.0_24\bin;C:\Program Files (x86)\Java\jdk1.6.0_24\lib;C:\Program Files\MySQL\MySQL Server 5.5\bin;C:\Program Files (x86)\Intel\OpenCL SDK\2.0\bin\x86;C:\Program Files (x86)\Intel\OpenCL SDK\2.0\bin\x64;C:\PROGRA~2\COMMON~1\Odbc\FILEMA~1;c:\Program Files (x86)\Microsoft SQL Server\100\Tools\Binn\;c:\Program Files\Microsoft SQL Server\100\Tools\Binn\;c:\Program Files\Microsoft SQL Server\100\DTS\Binn\;C:\Program Files (x86)\MiKTeX 2.9\miktex\bin\;C:\apache-ant-1.9.4\bin;C:\Program Files\Java\jdk1.7.0_51\bin;C:\Program Files\Java\jdk1.7.0_51\lib;C:\Program Files (x86)\SSH Communications Security\SSH Secure Shell;C:\Program Files\Java\jdk1.7.0_51\bin;C:\Program Files\Java\jdk1.7.0_51\lib;" />
    <property name="basedir" value="C:\Users\mohan\workspace\New folder\HW 6" />
    <property name="ant.java.version" value="1.7" />
    <property name="ant.core.lib" value="D:\eclipse\plugins\org.apache.ant_1.8.4.v201303080030\lib\ant.jar" />
    <property name="env.USERNAME" value="mohan" />
    <property name="env.SystemDrive" value="C:" />
    <property name="file.encoding" value="Cp1252" />
    <property name="env.VS100COMNTOOLS" value="C:\Program Files (x86)\Microsoft Visual Studio 10.0\Common7\Tools\" />
    <property name="env.USERDOMAIN" value="MOHAN" />
    <property name="java.specification.version" value="1.7" />
    <property name="ant.project.invoked-targets" value="run" />
    <property name="env.PROCESSOR_LEVEL" value="6" />
  </properties>
  <testcase classname="customer.CustomerTest" name="testGetAccounts" time="0.046" />
  <testcase classname="customer.CustomerTest" name="testGetName" time="0.0" />
  <system-out><![CDATA[]]></system-out>
  <system-err><![CDATA[]]></system-err>
</testsuite>
